SignalTestApp/app/build/intermediates/manifest_merge_blame_file/release/processReleaseMainManifest/manifest-merger-blame-release-report.txt
1<?xml version="1.0" encoding="utf-8"?>
2<manifest xmlns:android="http://schemas.android.com/apk/res/android"
3    package="com.signal.test"
4    android:versionCode="1"
5    android:versionName="1.0" >
6
7    <uses-sdk
8        android:minSdkVersion="23"
9        android:targetSdkVersion="31" />
10
11    <!-- 必要的权限 -->
12    <uses-permission android:name="android.permission.ACCESS_FINE_LOCATION" />
12-->src/main/AndroidManifest.xml:6:5-79
12-->src/main/AndroidManifest.xml:6:22-76
13    <uses-permission android:name="android.permission.ACCESS_COARSE_LOCATION" />
13-->src/main/AndroidManifest.xml:7:5-81
13-->src/main/AndroidManifest.xml:7:22-78
14    <uses-permission android:name="android.permission.CAMERA" />
14-->src/main/AndroidManifest.xml:8:5-65
14-->src/main/AndroidManifest.xml:8:22-62
15    <uses-permission android:name="android.permission.WRITE_EXTERNAL_STORAGE" />
15-->src/main/AndroidManifest.xml:9:5-81
15-->src/main/AndroidManifest.xml:9:22-78
16    <uses-permission android:name="android.permission.READ_EXTERNAL_STORAGE" />
16-->src/main/AndroidManifest.xml:10:5-80
16-->src/main/AndroidManifest.xml:10:22-77
17    <uses-permission android:name="android.permission.ACCESS_NETWORK_STATE" />
17-->src/main/AndroidManifest.xml:11:5-79
17-->src/main/AndroidManifest.xml:11:22-76
18    <uses-permission android:name="android.permission.READ_PHONE_STATE" />
18-->src/main/AndroidManifest.xml:12:5-75
18-->src/main/AndroidManifest.xml:12:22-72
19    <uses-permission android:name="android.permission.INTERNET" />
19-->src/main/AndroidManifest.xml:13:5-67
19-->src/main/AndroidManifest.xml:13:22-64
20
21    <!-- 相机功能声明 -->
22    <uses-feature android:name="android.hardware.camera" />
22-->src/main/AndroidManifest.xml:16:5-60
22-->src/main/AndroidManifest.xml:16:19-57
23    <uses-feature android:name="android.hardware.camera.autofocus" />
23-->src/main/AndroidManifest.xml:17:5-70
23-->src/main/AndroidManifest.xml:17:19-67
24    <uses-feature
24-->[com.google.android.gms:play-services-maps:18.2.0] AndroidManifest.xml:26:5-28:35
25        android:glEsVersion="0x00020000"
25-->[com.google.android.gms:play-services-maps:18.2.0] AndroidManifest.xml:27:9-41
26        android:required="true" />
26-->[com.google.android.gms:play-services-maps:18.2.0] AndroidManifest.xml:28:9-32
27
28    <queries>
28-->[com.google.android.gms:play-services-maps:18.2.0] AndroidManifest.xml:30:5-34:15
29
30        <!-- Needs to be explicitly declared on Android R+ -->
31        <package android:name="com.google.android.apps.maps" />
31-->[com.google.android.gms:play-services-maps:18.2.0] AndroidManifest.xml:33:9-64
31-->[com.google.android.gms:play-services-maps:18.2.0] AndroidManifest.xml:33:18-61
32    </queries>
33
34    <application
34-->src/main/AndroidManifest.xml:19:5-55:19
35        android:allowBackup="true"
35-->src/main/AndroidManifest.xml:20:9-35
36        android:appComponentFactory="androidx.core.app.CoreComponentFactory"
36-->[androidx.core:core:1.7.0] AndroidManifest.xml:24:18-86
37        android:extractNativeLibs="false"
38        android:label="信号测试工具"
38-->src/main/AndroidManifest.xml:21:9-31
39        android:supportsRtl="true"
39-->src/main/AndroidManifest.xml:22:9-35
40        android:theme="@style/Theme.SignalTest" >
40-->src/main/AndroidManifest.xml:23:9-48
41
42        <!-- Google Maps API Key -->
43        <meta-data
43-->src/main/AndroidManifest.xml:26:9-28:49
44            android:name="com.google.android.geo.API_KEY"
44-->src/main/AndroidManifest.xml:27:13-58
45            android:value="YOUR_API_KEY_HERE" />
45-->src/main/AndroidManifest.xml:28:13-46
46        <meta-data
46-->src/main/AndroidManifest.xml:29:9-31:69
47            android:name="com.google.android.gms.version"
47-->src/main/AndroidManifest.xml:30:13-58
48            android:value="@integer/google_play_services_version" />
48-->src/main/AndroidManifest.xml:31:13-66
49
50        <activity
50-->src/main/AndroidManifest.xml:32:9-39:20
51            android:name="com.signal.test.activities.MainActivity"
51-->src/main/AndroidManifest.xml:33:13-52
52            android:exported="true" >
52-->src/main/AndroidManifest.xml:34:13-36
53            <intent-filter>
53-->src/main/AndroidManifest.xml:35:13-38:29
54                <action android:name="android.intent.action.MAIN" />
54-->src/main/AndroidManifest.xml:36:17-69
54-->src/main/AndroidManifest.xml:36:25-66
55
56                <category android:name="android.intent.category.LAUNCHER" />
56-->src/main/AndroidManifest.xml:37:17-77
56-->src/main/AndroidManifest.xml:37:27-74
57            </intent-filter>
58        </activity>
59        <activity
59-->src/main/AndroidManifest.xml:40:9-42:40
60            android:name="com.signal.test.activities.CameraActivity"
60-->src/main/AndroidManifest.xml:41:13-54
61            android:exported="false" />
61-->src/main/AndroidManifest.xml:42:13-37
62        <activity
62-->src/main/AndroidManifest.xml:43:9-45:40
63            android:name="com.signal.test.activities.HistoryActivity"
63-->src/main/AndroidManifest.xml:44:13-55
64            android:exported="false" />
64-->src/main/AndroidManifest.xml:45:13-37
65        <activity
65-->src/main/AndroidManifest.xml:46:9-48:40
66            android:name="com.signal.test.activities.ChartActivity"
66-->src/main/AndroidManifest.xml:47:13-53
67            android:exported="false" />
67-->src/main/AndroidManifest.xml:48:13-37
68        <activity
68-->src/main/AndroidManifest.xml:49:9-51:40
69            android:name="com.signal.test.activities.MapActivity"
69-->src/main/AndroidManifest.xml:50:13-51
70            android:exported="false" />
70-->src/main/AndroidManifest.xml:51:13-37
71        <activity
71-->src/main/AndroidManifest.xml:52:9-54:40
72            android:name="com.signal.test.activities.BatchTestActivity"
72-->src/main/AndroidManifest.xml:53:13-57
73            android:exported="false" />
73-->src/main/AndroidManifest.xml:54:13-37
74
75        <service
75-->[androidx.camera:camera-camera2:1.1.0-alpha10] AndroidManifest.xml:26:9-35:19
76            android:name="androidx.camera.core.impl.MetadataHolderService"
76-->[androidx.camera:camera-camera2:1.1.0-alpha10] AndroidManifest.xml:27:13-75
77            android:enabled="false"
77-->[androidx.camera:camera-camera2:1.1.0-alpha10] AndroidManifest.xml:28:13-36
78            android:exported="false" >
78-->[androidx.camera:camera-camera2:1.1.0-alpha10] AndroidManifest.xml:29:13-37
79            <meta-data
79-->[androidx.camera:camera-camera2:1.1.0-alpha10] AndroidManifest.xml:32:13-34:89
80                android:name="androidx.camera.core.impl.MetadataHolderService.DEFAULT_CONFIG_PROVIDER"
80-->[androidx.camera:camera-camera2:1.1.0-alpha10] AndroidManifest.xml:33:17-103
81                android:value="androidx.camera.camera2.Camera2Config$DefaultProvider" />
81-->[androidx.camera:camera-camera2:1.1.0-alpha10] AndroidManifest.xml:34:17-86
82        </service> <!-- Needs to be explicitly declared on P+ -->
83        <uses-library
83-->[com.google.android.gms:play-services-maps:18.2.0] AndroidManifest.xml:39:9-41:40
84            android:name="org.apache.http.legacy"
84-->[com.google.android.gms:play-services-maps:18.2.0] AndroidManifest.xml:40:13-50
85            android:required="false" />
85-->[com.google.android.gms:play-services-maps:18.2.0] AndroidManifest.xml:41:13-37
86
87        <activity
87-->[com.google.android.gms:play-services-base:18.1.0] AndroidManifest.xml:20:9-22:45
88            android:name="com.google.android.gms.common.api.GoogleApiActivity"
88-->[com.google.android.gms:play-services-base:18.1.0] AndroidManifest.xml:20:19-85
89            android:exported="false"
89-->[com.google.android.gms:play-services-base:18.1.0] AndroidManifest.xml:22:19-43
90            android:theme="@android:style/Theme.Translucent.NoTitleBar" />
90-->[com.google.android.gms:play-services-base:18.1.0] AndroidManifest.xml:21:19-78
91
92        <provider
92-->[androidx.emoji2:emoji2:1.0.0] AndroidManifest.xml:26:9-34:20
93            android:name="androidx.startup.InitializationProvider"
93-->[androidx.emoji2:emoji2:1.0.0] AndroidManifest.xml:27:13-67
94            android:authorities="com.signal.test.androidx-startup"
94-->[androidx.emoji2:emoji2:1.0.0] AndroidManifest.xml:28:13-68
95            android:exported="false" >
95-->[androidx.emoji2:emoji2:1.0.0] AndroidManifest.xml:29:13-37
96            <meta-data
96-->[androidx.emoji2:emoji2:1.0.0] AndroidManifest.xml:31:13-33:52
97                android:name="androidx.emoji2.text.EmojiCompatInitializer"
97-->[androidx.emoji2:emoji2:1.0.0] AndroidManifest.xml:32:17-75
98                android:value="androidx.startup" />
98-->[androidx.emoji2:emoji2:1.0.0] AndroidManifest.xml:33:17-49
99            <meta-data
99-->[androidx.lifecycle:lifecycle-process:2.4.0] AndroidManifest.xml:31:13-33:52
100                android:name="androidx.lifecycle.ProcessLifecycleInitializer"
100-->[androidx.lifecycle:lifecycle-process:2.4.0] AndroidManifest.xml:32:17-78
101                android:value="androidx.startup" />
101-->[androidx.lifecycle:lifecycle-process:2.4.0] AndroidManifest.xml:33:17-49
102        </provider>
103    </application>
104
105</manifest>